<?xml version="1.0" encoding="UTF-8"?>
<!-- Generated by org.testng.reporters.JUnitXMLReporter -->
<testsuite ignored="0" hostname="DESKTOP-7OA1239" failures="1" tests="6" name="Create an account page test cases" time="69.871" errors="0" timestamp="2023-01-30T09:52:15 EST">
  <testcase classname="tests.CreateAccountTest" name="createAnAccountWithInvalidEmailTest" time="3.55">
    <failure type="java.lang.AssertionError" message="expected [The provided email is invalid !!] but found [The provided email is invalid.]">
      <![CDATA[java.lang.AssertionError: expected [The provided email is invalid !!] but found [The provided email is invalid.]
at tests.CreateAccountTest.createAnAccountWithInvalidEmailTest(CreateAccountTest.java:60)
at java.base/java.util.ArrayList.forEach(ArrayList.java:1541)
... Removed 33 stack frames]]>
    </failure>
  </testcase> <!-- createAnAccountWithInvalidEmailTest -->
  <testcase classname="tests.CreateAccountTest" name="createAnAccountWithValidCredentialsButUserAlreadyCreatedTest" time="3.945"/>
  <testcase classname="tests.CreateAccountTest" name="createAnAccountWithValidCredentialsTest" time="3.286"/>
  <testcase classname="tests.CreateAccountTest" name="loginPageLinkNavigationTest" time="3.863"/>
  <testcase classname="tests.CreateAccountTest" name="privacyPolicyLinkNavigationTest" time="9.02"/>
  <testcase classname="tests.CreateAccountTest" name="termsOfUseLinkNavigationTest" time="8.473"/>
</testsuite> <!-- Create an account page test cases -->
