<?xml version="1.0" encoding="UTF-8"?>
<testng-results ignored="0" total="17" passed="16" failed="1" skipped="0">
  <reporter-output>
  </reporter-output>
  <suite started-at="2023-01-30T09:49:01 EST" name="Login, Forgot password, and Create an account page test cases suite" finished-at="2023-01-30T09:52:15 EST" duration-ms="193383">
    <groups>
    </groups>
    <test started-at="2023-01-30T09:49:01 EST" name="Login page test" finished-at="2023-01-30T09:50:04 EST" duration-ms="62417">
      <class name="tests.LoginTest">
        <test-method is-config="true" signature="setUp()[pri:0, instance:tests.LoginTest@2794eab6]" started-at="2023-01-30T09:49:01 EST" name="setUp" finished-at="2023-01-30T09:49:09 EST" duration-ms="7424" status="PASS">
          <reporter-output>
          </reporter-output>
        </test-method> <!-- setUp -->
        <test-method signature="createAnAccountLinkNavigationTest()[pri:0, instance:tests.LoginTest@2794eab6]" started-at="2023-01-30T09:49:09 EST" name="createAnAccountLinkNavigationTest" description="TC_CBN_LOGIN_12: Verify Create an account navigation" finished-at="2023-01-30T09:49:13 EST" duration-ms="3986" status="PASS">
          <reporter-output>
          </reporter-output>
        </test-method> <!-- createAnAccountLinkNavigationTest -->
        <test-method is-config="true" signature="detach()[pri:0, instance:tests.LoginTest@2794eab6]" started-at="2023-01-30T09:49:13 EST" name="detach" finished-at="2023-01-30T09:49:14 EST" duration-ms="1005" status="PASS">
          <reporter-output>
          </reporter-output>
        </test-method> <!-- detach -->
        <test-method is-config="true" signature="setUp()[pri:0, instance:tests.LoginTest@2794eab6]" started-at="2023-01-30T09:49:14 EST" name="setUp" finished-at="2023-01-30T09:49:18 EST" duration-ms="4799" status="PASS">
          <reporter-output>
          </reporter-output>
        </test-method> <!-- setUp -->
        <test-method signature="forgotPasswordLinkNavigationTest()[pri:0, instance:tests.LoginTest@2794eab6]" started-at="2023-01-30T09:49:18 EST" name="forgotPasswordLinkNavigationTest" description="TC_CBN_LOGIN_11: Verify Forgot password navigation" finished-at="2023-01-30T09:49:21 EST" duration-ms="2509" status="PASS">
          <reporter-output>
          </reporter-output>
        </test-method> <!-- forgotPasswordLinkNavigationTest -->
        <test-method is-config="true" signature="detach()[pri:0, instance:tests.LoginTest@2794eab6]" started-at="2023-01-30T09:49:21 EST" name="detach" finished-at="2023-01-30T09:49:23 EST" duration-ms="2394" status="PASS">
          <reporter-output>
          </reporter-output>
        </test-method> <!-- detach -->
        <test-method is-config="true" signature="setUp()[pri:0, instance:tests.LoginTest@2794eab6]" started-at="2023-01-30T09:49:23 EST" name="setUp" finished-at="2023-01-30T09:49:28 EST" duration-ms="4296" status="PASS">
          <reporter-output>
          </reporter-output>
        </test-method> <!-- setUp -->
        <test-method signature="loginWithEmptyCredentialsTest()[pri:0, instance:tests.LoginTest@2794eab6]" started-at="2023-01-30T09:49:28 EST" name="loginWithEmptyCredentialsTest" description="TC_CBN_LOGIN_02: Verify login system without providing username and password" finished-at="2023-01-30T09:49:32 EST" duration-ms="4418" status="PASS">
          <reporter-output>
          </reporter-output>
        </test-method> <!-- loginWithEmptyCredentialsTest -->
        <test-method is-config="true" signature="detach()[pri:0, instance:tests.LoginTest@2794eab6]" started-at="2023-01-30T09:49:32 EST" name="detach" finished-at="2023-01-30T09:49:33 EST" duration-ms="1168" status="PASS">
          <reporter-output>
          </reporter-output>
        </test-method> <!-- detach -->
        <test-method is-config="true" signature="setUp()[pri:0, instance:tests.LoginTest@2794eab6]" started-at="2023-01-30T09:49:33 EST" name="setUp" finished-at="2023-01-30T09:49:39 EST" duration-ms="5955" status="PASS">
          <reporter-output>
          </reporter-output>
        </test-method> <!-- setUp -->
        <test-method signature="loginWithInvalidCredentialsTest()[pri:0, instance:tests.LoginTest@2794eab6]" started-at="2023-01-30T09:49:39 EST" name="loginWithInvalidCredentialsTest" description="TC_CBN_LOGIN_05: Verify login system providing invaid username and invalid password" finished-at="2023-01-30T09:49:44 EST" duration-ms="4611" status="PASS">
          <reporter-output>
          </reporter-output>
        </test-method> <!-- loginWithInvalidCredentialsTest -->
        <test-method is-config="true" signature="detach()[pri:0, instance:tests.LoginTest@2794eab6]" started-at="2023-01-30T09:49:44 EST" name="detach" finished-at="2023-01-30T09:49:45 EST" duration-ms="1082" status="PASS">
          <reporter-output>
          </reporter-output>
        </test-method> <!-- detach -->
        <test-method is-config="true" signature="setUp()[pri:0, instance:tests.LoginTest@2794eab6]" started-at="2023-01-30T09:49:45 EST" name="setUp" finished-at="2023-01-30T09:49:50 EST" duration-ms="4985" status="PASS">
          <reporter-output>
          </reporter-output>
        </test-method> <!-- setUp -->
        <test-method signature="loginWithValidCredentialsButNotCombyneUserTest()[pri:0, instance:tests.LoginTest@2794eab6]" started-at="2023-01-30T09:49:50 EST" name="loginWithValidCredentialsButNotCombyneUserTest" description="TC_CBN_LOGIN_07: Verify login system providing vaid username and valid password but not Combyne User" finished-at="2023-01-30T09:49:54 EST" duration-ms="4178" status="PASS">
          <reporter-output>
          </reporter-output>
        </test-method> <!-- loginWithValidCredentialsButNotCombyneUserTest -->
        <test-method is-config="true" signature="detach()[pri:0, instance:tests.LoginTest@2794eab6]" started-at="2023-01-30T09:49:54 EST" name="detach" finished-at="2023-01-30T09:49:55 EST" duration-ms="913" status="PASS">
          <reporter-output>
          </reporter-output>
        </test-method> <!-- detach -->
        <test-method is-config="true" signature="setUp()[pri:0, instance:tests.LoginTest@2794eab6]" started-at="2023-01-30T09:49:55 EST" name="setUp" finished-at="2023-01-30T09:50:00 EST" duration-ms="4571" status="PASS">
          <reporter-output>
          </reporter-output>
        </test-method> <!-- setUp -->
        <test-method signature="loginWithValidCredentialsTest()[pri:0, instance:tests.LoginTest@2794eab6]" started-at="2023-01-30T09:50:00 EST" name="loginWithValidCredentialsTest" description="TC_CBN_LOGIN_06: Verify login system providing valid username and valid password" finished-at="2023-01-30T09:50:03 EST" duration-ms="3153" status="PASS">
          <reporter-output>
          </reporter-output>
        </test-method> <!-- loginWithValidCredentialsTest -->
        <test-method is-config="true" signature="detach()[pri:0, instance:tests.LoginTest@2794eab6]" started-at="2023-01-30T09:50:03 EST" name="detach" finished-at="2023-01-30T09:50:04 EST" duration-ms="810" status="PASS">
          <reporter-output>
          </reporter-output>
        </test-method> <!-- detach -->
      </class> <!-- tests.LoginTest -->
    </test> <!-- Login page test -->
    <test started-at="2023-01-30T09:50:04 EST" name="Forgot password page test cases" finished-at="2023-01-30T09:51:04 EST" duration-ms="60091">
      <class name="tests.ForgotPasswordTest">
        <test-method is-config="true" signature="setUp()[pri:0, instance:tests.ForgotPasswordTest@2b40ff9c]" started-at="2023-01-30T09:50:04 EST" name="setUp" finished-at="2023-01-30T09:50:09 EST" duration-ms="4968" status="PASS">
          <reporter-output>
          </reporter-output>
        </test-method> <!-- setUp -->
        <test-method signature="forgotPasswordWithInvalidCredentialsTest()[pri:0, instance:tests.ForgotPasswordTest@2b40ff9c]" started-at="2023-01-30T09:50:09 EST" name="forgotPasswordWithInvalidCredentialsTest" description="TC_CBN_FP_03: Verify Forgot password functionality providing invalid email" finished-at="2023-01-30T09:50:14 EST" duration-ms="4520" status="PASS">
          <reporter-output>
          </reporter-output>
        </test-method> <!-- forgotPasswordWithInvalidCredentialsTest -->
        <test-method is-config="true" signature="detach()[pri:0, instance:tests.ForgotPasswordTest@2b40ff9c]" started-at="2023-01-30T09:50:14 EST" name="detach" finished-at="2023-01-30T09:50:15 EST" duration-ms="1305" status="PASS">
          <reporter-output>
          </reporter-output>
        </test-method> <!-- detach -->
        <test-method is-config="true" signature="setUp()[pri:0, instance:tests.ForgotPasswordTest@2b40ff9c]" started-at="2023-01-30T09:50:15 EST" name="setUp" finished-at="2023-01-30T09:50:24 EST" duration-ms="8593" status="PASS">
          <reporter-output>
          </reporter-output>
        </test-method> <!-- setUp -->
        <test-method signature="forgotPasswordWithValidCredentialsButNotCombyneUserTest()[pri:0, instance:tests.ForgotPasswordTest@2b40ff9c]" started-at="2023-01-30T09:50:24 EST" name="forgotPasswordWithValidCredentialsButNotCombyneUserTest" description="TC_CBN_FP_05: Verify Forgot password functionality providing valid email but not a combyne application member" finished-at="2023-01-30T09:50:26 EST" duration-ms="2055" status="PASS">
          <reporter-output>
          </reporter-output>
        </test-method> <!-- forgotPasswordWithValidCredentialsButNotCombyneUserTest -->
        <test-method is-config="true" signature="detach()[pri:0, instance:tests.ForgotPasswordTest@2b40ff9c]" started-at="2023-01-30T09:50:26 EST" name="detach" finished-at="2023-01-30T09:50:34 EST" duration-ms="8150" status="PASS">
          <reporter-output>
          </reporter-output>
        </test-method> <!-- detach -->
        <test-method is-config="true" signature="setUp()[pri:0, instance:tests.ForgotPasswordTest@2b40ff9c]" started-at="2023-01-30T09:50:34 EST" name="setUp" finished-at="2023-01-30T09:50:41 EST" duration-ms="7510" status="PASS">
          <reporter-output>
          </reporter-output>
        </test-method> <!-- setUp -->
        <test-method signature="forgotPasswordWithValidCredentialsTest()[pri:0, instance:tests.ForgotPasswordTest@2b40ff9c]" started-at="2023-01-30T09:50:41 EST" name="forgotPasswordWithValidCredentialsTest" description="TC_CBN_FP_04: Verify Forgot password functionality providing valid email" finished-at="2023-01-30T09:50:45 EST" duration-ms="3418" status="PASS">
          <reporter-output>
          </reporter-output>
        </test-method> <!-- forgotPasswordWithValidCredentialsTest -->
        <test-method is-config="true" signature="detach()[pri:0, instance:tests.ForgotPasswordTest@2b40ff9c]" started-at="2023-01-30T09:50:45 EST" name="detach" finished-at="2023-01-30T09:50:46 EST" duration-ms="1165" status="PASS">
          <reporter-output>
          </reporter-output>
        </test-method> <!-- detach -->
        <test-method is-config="true" signature="setUp()[pri:0, instance:tests.ForgotPasswordTest@2b40ff9c]" started-at="2023-01-30T09:50:46 EST" name="setUp" finished-at="2023-01-30T09:50:51 EST" duration-ms="5346" status="PASS">
          <reporter-output>
          </reporter-output>
        </test-method> <!-- setUp -->
        <test-method signature="forgotPasswordWithoutCredentialsTest()[pri:0, instance:tests.ForgotPasswordTest@2b40ff9c]" started-at="2023-01-30T09:50:51 EST" name="forgotPasswordWithoutCredentialsTest" description="TC_CBN_FP_02: Verify Forgot password functionality without providing email" finished-at="2023-01-30T09:50:55 EST" duration-ms="3626" status="PASS">
          <reporter-output>
          </reporter-output>
        </test-method> <!-- forgotPasswordWithoutCredentialsTest -->
        <test-method is-config="true" signature="detach()[pri:0, instance:tests.ForgotPasswordTest@2b40ff9c]" started-at="2023-01-30T09:50:55 EST" name="detach" finished-at="2023-01-30T09:50:56 EST" duration-ms="894" status="PASS">
          <reporter-output>
          </reporter-output>
        </test-method> <!-- detach -->
        <test-method is-config="true" signature="setUp()[pri:0, instance:tests.ForgotPasswordTest@2b40ff9c]" started-at="2023-01-30T09:50:56 EST" name="setUp" finished-at="2023-01-30T09:51:01 EST" duration-ms="5058" status="PASS">
          <reporter-output>
          </reporter-output>
        </test-method> <!-- setUp -->
        <test-method signature="loginPageLinkNavigationTest()[pri:0, instance:tests.ForgotPasswordTest@2b40ff9c]" started-at="2023-01-30T09:51:01 EST" name="loginPageLinkNavigationTest" description="TC_CBN_FP_06: Verify Back to login navigation" finished-at="2023-01-30T09:51:03 EST" duration-ms="1982" status="PASS">
          <reporter-output>
          </reporter-output>
        </test-method> <!-- loginPageLinkNavigationTest -->
        <test-method is-config="true" signature="detach()[pri:0, instance:tests.ForgotPasswordTest@2b40ff9c]" started-at="2023-01-30T09:51:03 EST" name="detach" finished-at="2023-01-30T09:51:04 EST" duration-ms="1469" status="PASS">
          <reporter-output>
          </reporter-output>
        </test-method> <!-- detach -->
      </class> <!-- tests.ForgotPasswordTest -->
    </test> <!-- Forgot password page test cases -->
    <test started-at="2023-01-30T09:51:05 EST" name="Create an account page test cases" finished-at="2023-01-30T09:52:15 EST" duration-ms="69871">
      <class name="tests.CreateAccountTest">
        <test-method is-config="true" signature="setUp()[pri:0, instance:tests.CreateAccountTest@7c37508a]" started-at="2023-01-30T09:51:05 EST" name="setUp" finished-at="2023-01-30T09:51:09 EST" duration-ms="4559" status="PASS">
          <reporter-output>
          </reporter-output>
        </test-method> <!-- setUp -->
        <test-method signature="createAnAccountWithInvalidEmailTest()[pri:0, instance:tests.CreateAccountTest@7c37508a]" started-at="2023-01-30T09:51:09 EST" name="createAnAccountWithInvalidEmailTest" description="TC_CBN_CAA_05: Verify Create an account functionality with invalid email" finished-at="2023-01-30T09:51:13 EST" duration-ms="3550" status="FAIL">
          <exception class="java.lang.AssertionError">
            <message>
              <![CDATA[expected [The provided email is invalid !!] but found [The provided email is invalid.]]]>
            </message>
            <full-stacktrace>
              <![CDATA[java.lang.AssertionError: expected [The provided email is invalid !!] but found [The provided email is invalid.]
at org.testng.Assert.fail(Assert.java:110)
at org.testng.Assert.failNotEquals(Assert.java:1413)
at org.testng.Assert.assertEqualsImpl(Assert.java:149)
at org.testng.Assert.assertEquals(Assert.java:131)
at org.testng.Assert.assertEquals(Assert.java:655)
at org.testng.Assert.assertEquals(Assert.java:665)
at tests.CreateAccountTest.createAnAccountWithInvalidEmailTest(CreateAccountTest.java:60)
at java.base/jdk.internal.reflect.NativeMethodAccessorImpl.invoke0(Native Method)
at java.base/jdk.internal.reflect.NativeMethodAccessorImpl.invoke(NativeMethodAccessorImpl.java:62)
at java.base/jdk.internal.reflect.DelegatingMethodAccessorImpl.invoke(DelegatingMethodAccessorImpl.java:43)
at java.base/java.lang.reflect.Method.invoke(Method.java:566)
at org.testng.internal.invokers.MethodInvocationHelper.invokeMethod(MethodInvocationHelper.java:139)
at org.testng.internal.invokers.TestInvoker.invokeMethod(TestInvoker.java:677)
at org.testng.internal.invokers.TestInvoker.invokeTestMethod(TestInvoker.java:221)
at org.testng.internal.invokers.MethodRunner.runInSequence(MethodRunner.java:50)
at org.testng.internal.invokers.TestInvoker$MethodInvocationAgent.invoke(TestInvoker.java:962)
at org.testng.internal.invokers.TestInvoker.invokeTestMethods(TestInvoker.java:194)
at org.testng.internal.invokers.TestMethodWorker.invokeTestMethods(TestMethodWorker.java:148)
at org.testng.internal.invokers.TestMethodWorker.run(TestMethodWorker.java:128)
at java.base/java.util.ArrayList.forEach(ArrayList.java:1541)
at org.testng.TestRunner.privateRun(TestRunner.java:806)
at org.testng.TestRunner.run(TestRunner.java:601)
at org.testng.SuiteRunner.runTest(SuiteRunner.java:433)
at org.testng.SuiteRunner.runSequentially(SuiteRunner.java:427)
at org.testng.SuiteRunner.privateRun(SuiteRunner.java:387)
at org.testng.SuiteRunner.run(SuiteRunner.java:330)
at org.testng.SuiteRunnerWorker.runSuite(SuiteRunnerWorker.java:52)
at org.testng.SuiteRunnerWorker.run(SuiteRunnerWorker.java:95)
at org.testng.TestNG.runSuitesSequentially(TestNG.java:1256)
at org.testng.TestNG.runSuitesLocally(TestNG.java:1176)
at org.testng.TestNG.runSuites(TestNG.java:1099)
at org.testng.TestNG.run(TestNG.java:1067)
at org.testng.remote.AbstractRemoteTestNG.run(AbstractRemoteTestNG.java:115)
at org.testng.remote.RemoteTestNG.initAndRun(RemoteTestNG.java:251)
at org.testng.remote.RemoteTestNG.main(RemoteTestNG.java:77)
]]>
            </full-stacktrace>
          </exception> <!-- java.lang.AssertionError -->
          <reporter-output>
          </reporter-output>
        </test-method> <!-- createAnAccountWithInvalidEmailTest -->
        <test-method is-config="true" signature="detach()[pri:0, instance:tests.CreateAccountTest@7c37508a]" started-at="2023-01-30T09:51:13 EST" name="detach" finished-at="2023-01-30T09:51:14 EST" duration-ms="1342" status="PASS">
          <reporter-output>
          </reporter-output>
        </test-method> <!-- detach -->
        <test-method is-config="true" signature="setUp()[pri:0, instance:tests.CreateAccountTest@7c37508a]" started-at="2023-01-30T09:51:14 EST" name="setUp" finished-at="2023-01-30T09:51:19 EST" duration-ms="4792" status="PASS">
          <reporter-output>
          </reporter-output>
        </test-method> <!-- setUp -->
        <test-method signature="createAnAccountWithValidCredentialsButUserAlreadyCreatedTest()[pri:0, instance:tests.CreateAccountTest@7c37508a]" started-at="2023-01-30T09:51:19 EST" name="createAnAccountWithValidCredentialsButUserAlreadyCreatedTest" description="TC_CBN_CAA_04: Verify Create an account functionality with existing user" finished-at="2023-01-30T09:51:23 EST" duration-ms="3945" status="PASS">
          <reporter-output>
          </reporter-output>
        </test-method> <!-- createAnAccountWithValidCredentialsButUserAlreadyCreatedTest -->
        <test-method is-config="true" signature="detach()[pri:0, instance:tests.CreateAccountTest@7c37508a]" started-at="2023-01-30T09:51:23 EST" name="detach" finished-at="2023-01-30T09:51:24 EST" duration-ms="802" status="PASS">
          <reporter-output>
          </reporter-output>
        </test-method> <!-- detach -->
        <test-method is-config="true" signature="setUp()[pri:0, instance:tests.CreateAccountTest@7c37508a]" started-at="2023-01-30T09:51:24 EST" name="setUp" finished-at="2023-01-30T09:51:28 EST" duration-ms="4256" status="PASS">
          <reporter-output>
          </reporter-output>
        </test-method> <!-- setUp -->
        <test-method signature="createAnAccountWithValidCredentialsTest()[pri:0, instance:tests.CreateAccountTest@7c37508a]" started-at="2023-01-30T09:51:28 EST" name="createAnAccountWithValidCredentialsTest" description="TC_CBN_CAA_03: Verify Create an account functionality valid inputs firstname, lastname, and email" finished-at="2023-01-30T09:51:31 EST" duration-ms="3286" status="PASS">
          <reporter-output>
          </reporter-output>
        </test-method> <!-- createAnAccountWithValidCredentialsTest -->
        <test-method is-config="true" signature="detach()[pri:0, instance:tests.CreateAccountTest@7c37508a]" started-at="2023-01-30T09:51:31 EST" name="detach" finished-at="2023-01-30T09:51:32 EST" duration-ms="802" status="PASS">
          <reporter-output>
          </reporter-output>
        </test-method> <!-- detach -->
        <test-method is-config="true" signature="setUp()[pri:0, instance:tests.CreateAccountTest@7c37508a]" started-at="2023-01-30T09:51:32 EST" name="setUp" finished-at="2023-01-30T09:51:36 EST" duration-ms="4294" status="PASS">
          <reporter-output>
          </reporter-output>
        </test-method> <!-- setUp -->
        <test-method signature="loginPageLinkNavigationTest()[pri:0, instance:tests.CreateAccountTest@7c37508a]" started-at="2023-01-30T09:51:36 EST" name="loginPageLinkNavigationTest" description="TC_CBN_CAA_08: Verify Login page navigation" finished-at="2023-01-30T09:51:40 EST" duration-ms="3863" status="PASS">
          <reporter-output>
          </reporter-output>
        </test-method> <!-- loginPageLinkNavigationTest -->
        <test-method is-config="true" signature="detach()[pri:0, instance:tests.CreateAccountTest@7c37508a]" started-at="2023-01-30T09:51:40 EST" name="detach" finished-at="2023-01-30T09:51:41 EST" duration-ms="874" status="PASS">
          <reporter-output>
          </reporter-output>
        </test-method> <!-- detach -->
        <test-method is-config="true" signature="setUp()[pri:0, instance:tests.CreateAccountTest@7c37508a]" started-at="2023-01-30T09:51:41 EST" name="setUp" finished-at="2023-01-30T09:51:47 EST" duration-ms="6113" status="PASS">
          <reporter-output>
          </reporter-output>
        </test-method> <!-- setUp -->
        <test-method signature="privacyPolicyLinkNavigationTest()[pri:0, instance:tests.CreateAccountTest@7c37508a]" started-at="2023-01-30T09:51:47 EST" name="privacyPolicyLinkNavigationTest" description="TC_CBN_CAA_07: Verify Privacy policy navigation" finished-at="2023-01-30T09:51:56 EST" duration-ms="9020" status="PASS">
          <reporter-output>
          </reporter-output>
        </test-method> <!-- privacyPolicyLinkNavigationTest -->
        <test-method is-config="true" signature="detach()[pri:0, instance:tests.CreateAccountTest@7c37508a]" started-at="2023-01-30T09:51:56 EST" name="detach" finished-at="2023-01-30T09:51:58 EST" duration-ms="1345" status="PASS">
          <reporter-output>
          </reporter-output>
        </test-method> <!-- detach -->
        <test-method is-config="true" signature="setUp()[pri:0, instance:tests.CreateAccountTest@7c37508a]" started-at="2023-01-30T09:51:58 EST" name="setUp" finished-at="2023-01-30T09:52:05 EST" duration-ms="7214" status="PASS">
          <reporter-output>
          </reporter-output>
        </test-method> <!-- setUp -->
        <test-method signature="termsOfUseLinkNavigationTest()[pri:0, instance:tests.CreateAccountTest@7c37508a]" started-at="2023-01-30T09:52:05 EST" name="termsOfUseLinkNavigationTest" description="TC_CBN_CAA_06: Verify Terms of use navigation" finished-at="2023-01-30T09:52:13 EST" duration-ms="8473" status="PASS">
          <reporter-output>
          </reporter-output>
        </test-method> <!-- termsOfUseLinkNavigationTest -->
        <test-method is-config="true" signature="detach()[pri:0, instance:tests.CreateAccountTest@7c37508a]" started-at="2023-01-30T09:52:13 EST" name="detach" finished-at="2023-01-30T09:52:15 EST" duration-ms="1305" status="PASS">
          <reporter-output>
          </reporter-output>
        </test-method> <!-- detach -->
      </class> <!-- tests.CreateAccountTest -->
    </test> <!-- Create an account page test cases -->
  </suite> <!-- Login, Forgot password, and Create an account page test cases suite -->
</testng-results>
